2022-09-07 16:59:02.047  INFO 9432 --- [restartedMain] c.e.e.EmployeeMgmtSbootRestApplication   : Starting EmployeeMgmtSbootRestApplication using Java 1.8.0_202 on INL20-IAAABIEI with PID 9432 (C:\training\homecredit_java-fullstack\labs\examples\employee-mgmt-sboot-rest\target\classes started by RAKESH.SAHARAN in C:\training\homecredit_java-fullstack\labs\examples\employee-mgmt-sboot-rest)
2022-09-07 16:59:02.047 DEBUG 9432 --- [restartedMain] c.e.e.EmployeeMgmtSbootRestApplication   : Running with Spring Boot v2.7.3, Spring v5.3.22
2022-09-07 16:59:02.047  INFO 9432 --- [restartedMain] c.e.e.EmployeeMgmtSbootRestApplication   : No active profile set, falling back to 1 default profile: "default"
2022-09-07 16:59:02.079  INFO 9432 --- [restartedMain] .e.DevToolsPropertyDefaultsPostProcessor : Devtools property defaults active! Set 'spring.devtools.add-properties' to 'false' to disable
2022-09-07 16:59:02.094  INFO 9432 --- [restartedMain] .e.DevToolsPropertyDefaultsPostProcessor : For additional web related logging consider setting the 'logging.level.web' property to 'DEBUG'
2022-09-07 16:59:02.996  INFO 9432 --- [restartedMain] .s.d.r.c.RepositoryConfigurationDelegate : Bootstrapping Spring Data JPA repositories in DEFAULT mode.
2022-09-07 16:59:03.081  INFO 9432 --- [restartedMain] .s.d.r.c.RepositoryConfigurationDelegate : Finished Spring Data repository scanning in 69 ms. Found 1 JPA repository interfaces.
2022-09-07 16:59:03.686  INFO 9432 --- [restartedMain] o.s.b.w.embedded.tomcat.TomcatWebServer  : Tomcat initialized with port(s): 8080 (http)
2022-09-07 16:59:03.702  INFO 9432 --- [restartedMain] o.apache.catalina.core.StandardService   : Starting service [Tomcat]
2022-09-07 16:59:03.702  INFO 9432 --- [restartedMain] org.apache.catalina.core.StandardEngine  : Starting Servlet engine: [Apache Tomcat/9.0.65]
2022-09-07 16:59:03.852  INFO 9432 --- [restartedMain] o.a.c.c.C.[Tomcat].[localhost].[/]       : Initializing Spring embedded WebApplicationContext
2022-09-07 16:59:03.852  INFO 9432 --- [restartedMain] w.s.c.ServletWebServerApplicationContext : Root WebApplicationContext: initialization completed in 1758 ms
2022-09-07 16:59:04.021  INFO 9432 --- [restartedMain] com.zaxxer.hikari.HikariDataSource       : HikariPool-1 - Starting...
2022-09-07 16:59:04.168  INFO 9432 --- [restartedMain] com.zaxxer.hikari.HikariDataSource       : HikariPool-1 - Start completed.
2022-09-07 16:59:04.168  INFO 9432 --- [restartedMain] o.s.b.a.h2.H2ConsoleAutoConfiguration    : H2 console available at '/h2-console'. Database available at 'jdbc:h2:mem:43b2e1ae-b0c5-41dd-9eaa-7d77f7393921'
2022-09-07 16:59:04.300  INFO 9432 --- [restartedMain] o.hibernate.jpa.internal.util.LogHelper  : HHH000204: Processing PersistenceUnitInfo [name: default]
2022-09-07 16:59:04.337  INFO 9432 --- [restartedMain] org.hibernate.Version                    : HHH000412: Hibernate ORM core version 5.6.10.Final
2022-09-07 16:59:04.469  INFO 9432 --- [restartedMain] o.hibernate.annotations.common.Version   : HCANN000001: Hibernate Commons Annotations {5.1.2.Final}
2022-09-07 16:59:04.585  INFO 9432 --- [restartedMain] org.hibernate.dialect.Dialect            : HHH000400: Using dialect: org.hibernate.dialect.H2Dialect
2022-09-07 16:59:05.209  INFO 9432 --- [restartedMain] o.h.e.t.j.p.i.JtaPlatformInitiator       : HHH000490: Using JtaPlatform implementation: [org.hibernate.engine.transaction.jta.platform.internal.NoJtaPlatform]
2022-09-07 16:59:05.209  INFO 9432 --- [restartedMain] j.LocalContainerEntityManagerFactoryBean : Initialized JPA EntityManagerFactory for persistence unit 'default'
2022-09-07 16:59:05.487  WARN 9432 --- [restartedMain] JpaBaseConfiguration$JpaWebConfiguration : spring.jpa.open-in-view is enabled by default. Therefore, database queries may be performed during view rendering. Explicitly configure spring.jpa.open-in-view to disable this warning
2022-09-07 16:59:05.810  WARN 9432 --- [restartedMain] o.s.b.d.a.OptionalLiveReloadServer       : Unable to start LiveReload server
2022-09-07 16:59:05.827  INFO 9432 --- [restartedMain] o.s.b.a.e.web.EndpointLinksResolver      : Exposing 1 endpoint(s) beneath base path '/actuator'
2022-09-07 16:59:05.843  WARN 9432 --- [restartedMain] ConfigServletWebServerApplicationContext : Exception encountered during context initialization - cancelling refresh attempt: org.springframework.context.ApplicationContextException: Failed to start bean 'webServerStartStop'; nested exception is org.springframework.boot.web.server.PortInUseException: Port 8080 is already in use
2022-09-07 16:59:05.843  INFO 9432 --- [restartedMain] j.LocalContainerEntityManagerFactoryBean : Closing JPA EntityManagerFactory for persistence unit 'default'
2022-09-07 16:59:05.843  INFO 9432 --- [restartedMain] .SchemaDropperImpl$DelayedDropActionImpl : HHH000477: Starting delayed evictData of schema as part of SessionFactory shut-down'
2022-09-07 16:59:06.061  WARN 9432 --- [restartedMain] o.s.b.f.support.DisposableBeanAdapter    : Invocation of destroy method failed on bean with name 'inMemoryDatabaseShutdownExecutor': org.h2.jdbc.JdbcSQLNonTransientConnectionException: Database is already closed (to disable automatic closing at VM shutdown, add ";DB_CLOSE_ON_EXIT=FALSE" to the db URL) [90121-214]
2022-09-07 16:59:06.061  INFO 9432 --- [restartedMain] com.zaxxer.hikari.HikariDataSource       : HikariPool-1 - Shutdown initiated...
2022-09-07 16:59:06.061  INFO 9432 --- [restartedMain] com.zaxxer.hikari.HikariDataSource       : HikariPool-1 - Shutdown completed.
2022-09-07 16:59:06.061  INFO 9432 --- [restartedMain] o.apache.catalina.core.StandardService   : Stopping service [Tomcat]
2022-09-07 16:59:06.076  INFO 9432 --- [restartedMain] ConditionEvaluationReportLoggingListener : 

Error starting ApplicationContext. To display the conditions report re-run your application with 'debug' enabled.
2022-09-07 16:59:06.112 ERROR 9432 --- [restartedMain] o.s.b.d.LoggingFailureAnalysisReporter   : 

***************************
APPLICATION FAILED TO START
***************************

Description:

Web server failed to start. Port 8080 was already in use.

Action:

Identify and stop the process that's listening on port 8080 or configure this application to listen on another port.

2022-09-07 16:59:46.665  INFO 22300 --- [restartedMain] c.e.e.EmployeeMgmtSbootRestApplication   : Starting EmployeeMgmtSbootRestApplication using Java 1.8.0_202 on INL20-IAAABIEI with PID 22300 (C:\training\homecredit_java-fullstack\labs\examples\employee-mgmt-sboot-rest\target\classes started by RAKESH.SAHARAN in C:\training\homecredit_java-fullstack\labs\examples\employee-mgmt-sboot-rest)
2022-09-07 16:59:46.666 DEBUG 22300 --- [restartedMain] c.e.e.EmployeeMgmtSbootRestApplication   : Running with Spring Boot v2.7.3, Spring v5.3.22
2022-09-07 16:59:46.667  INFO 22300 --- [restartedMain] c.e.e.EmployeeMgmtSbootRestApplication   : No active profile set, falling back to 1 default profile: "default"
2022-09-07 16:59:46.717  INFO 22300 --- [restartedMain] .e.DevToolsPropertyDefaultsPostProcessor : Devtools property defaults active! Set 'spring.devtools.add-properties' to 'false' to disable
2022-09-07 16:59:46.718  INFO 22300 --- [restartedMain] .e.DevToolsPropertyDefaultsPostProcessor : For additional web related logging consider setting the 'logging.level.web' property to 'DEBUG'
2022-09-07 16:59:47.699  INFO 22300 --- [restartedMain] .s.d.r.c.RepositoryConfigurationDelegate : Bootstrapping Spring Data JPA repositories in DEFAULT mode.
2022-09-07 16:59:47.774  INFO 22300 --- [restartedMain] .s.d.r.c.RepositoryConfigurationDelegate : Finished Spring Data repository scanning in 64 ms. Found 1 JPA repository interfaces.
2022-09-07 16:59:48.611  INFO 22300 --- [restartedMain] o.s.b.w.embedded.tomcat.TomcatWebServer  : Tomcat initialized with port(s): 8080 (http)
2022-09-07 16:59:48.621  INFO 22300 --- [restartedMain] o.apache.catalina.core.StandardService   : Starting service [Tomcat]
2022-09-07 16:59:48.621  INFO 22300 --- [restartedMain] org.apache.catalina.core.StandardEngine  : Starting Servlet engine: [Apache Tomcat/9.0.65]
2022-09-07 16:59:48.825  INFO 22300 --- [restartedMain] o.a.c.c.C.[Tomcat].[localhost].[/]       : Initializing Spring embedded WebApplicationContext
2022-09-07 16:59:48.825  INFO 22300 --- [restartedMain] w.s.c.ServletWebServerApplicationContext : Root WebApplicationContext: initialization completed in 2107 ms
2022-09-07 16:59:49.027  INFO 22300 --- [restartedMain] com.zaxxer.hikari.HikariDataSource       : HikariPool-1 - Starting...
2022-09-07 16:59:49.134  INFO 22300 --- [restartedMain] com.zaxxer.hikari.HikariDataSource       : HikariPool-1 - Start completed.
2022-09-07 16:59:49.145  INFO 22300 --- [restartedMain] o.s.b.a.h2.H2ConsoleAutoConfiguration    : H2 console available at '/h2-console'. Database available at 'jdbc:h2:mem:d7ef91c0-202a-4824-a677-5a5f6ca8faa6'
2022-09-07 16:59:49.259  INFO 22300 --- [restartedMain] o.hibernate.jpa.internal.util.LogHelper  : HHH000204: Processing PersistenceUnitInfo [name: default]
2022-09-07 16:59:49.303  INFO 22300 --- [restartedMain] org.hibernate.Version                    : HHH000412: Hibernate ORM core version 5.6.10.Final
2022-09-07 16:59:49.437  INFO 22300 --- [restartedMain] o.hibernate.annotations.common.Version   : HCANN000001: Hibernate Commons Annotations {5.1.2.Final}
2022-09-07 16:59:49.563  INFO 22300 --- [restartedMain] org.hibernate.dialect.Dialect            : HHH000400: Using dialect: org.hibernate.dialect.H2Dialect
2022-09-07 16:59:50.157  INFO 22300 --- [restartedMain] o.h.e.t.j.p.i.JtaPlatformInitiator       : HHH000490: Using JtaPlatform implementation: [org.hibernate.engine.transaction.jta.platform.internal.NoJtaPlatform]
2022-09-07 16:59:50.166  INFO 22300 --- [restartedMain] j.LocalContainerEntityManagerFactoryBean : Initialized JPA EntityManagerFactory for persistence unit 'default'
2022-09-07 16:59:50.434  WARN 22300 --- [restartedMain] JpaBaseConfiguration$JpaWebConfiguration : spring.jpa.open-in-view is enabled by default. Therefore, database queries may be performed during view rendering. Explicitly configure spring.jpa.open-in-view to disable this warning
2022-09-07 16:59:50.768  INFO 22300 --- [restartedMain] o.s.b.d.a.OptionalLiveReloadServer       : LiveReload server is running on port 35729
2022-09-07 16:59:50.773  INFO 22300 --- [restartedMain] o.s.b.a.e.web.EndpointLinksResolver      : Exposing 1 endpoint(s) beneath base path '/actuator'
2022-09-07 16:59:50.808  INFO 22300 --- [restartedMain] o.s.b.w.embedded.tomcat.TomcatWebServer  : Tomcat started on port(s): 8080 (http) with context path ''
2022-09-07 16:59:50.822  INFO 22300 --- [restartedMain] c.e.e.EmployeeMgmtSbootRestApplication   : Started EmployeeMgmtSbootRestApplication in 4.647 seconds (JVM running for 6.233)
2022-09-07 17:00:55.107  INFO 22300 --- [http-nio-8080-exec-2] o.a.c.c.C.[Tomcat].[localhost].[/]       : Initializing Spring DispatcherServlet 'dispatcherServlet'
2022-09-07 17:00:55.108  INFO 22300 --- [http-nio-8080-exec-2] o.s.web.servlet.DispatcherServlet        : Initializing Servlet 'dispatcherServlet'
2022-09-07 17:00:55.109  INFO 22300 --- [http-nio-8080-exec-2] o.s.web.servlet.DispatcherServlet        : Completed initialization in 1 ms
2022-09-07 17:01:21.948  INFO 9484 --- [restartedMain] c.e.e.EmployeeMgmtSbootRestApplication   : Starting EmployeeMgmtSbootRestApplication using Java 1.8.0_202 on INL20-IAAABIEI with PID 9484 (C:\training\homecredit_java-fullstack\labs\examples\employee-mgmt-sboot-rest\target\classes started by RAKESH.SAHARAN in C:\training\homecredit_java-fullstack\labs\examples\employee-mgmt-sboot-rest)
2022-09-07 17:01:21.949 DEBUG 9484 --- [restartedMain] c.e.e.EmployeeMgmtSbootRestApplication   : Running with Spring Boot v2.7.3, Spring v5.3.22
2022-09-07 17:01:21.950  INFO 9484 --- [restartedMain] c.e.e.EmployeeMgmtSbootRestApplication   : No active profile set, falling back to 1 default profile: "default"
2022-09-07 17:01:21.992  INFO 9484 --- [restartedMain] .e.DevToolsPropertyDefaultsPostProcessor : Devtools property defaults active! Set 'spring.devtools.add-properties' to 'false' to disable
2022-09-07 17:01:21.992  INFO 9484 --- [restartedMain] .e.DevToolsPropertyDefaultsPostProcessor : For additional web related logging consider setting the 'logging.level.web' property to 'DEBUG'
2022-09-07 17:01:23.093  INFO 9484 --- [restartedMain] .s.d.r.c.RepositoryConfigurationDelegate : Bootstrapping Spring Data JPA repositories in DEFAULT mode.
2022-09-07 17:01:23.178  INFO 9484 --- [restartedMain] .s.d.r.c.RepositoryConfigurationDelegate : Finished Spring Data repository scanning in 70 ms. Found 1 JPA repository interfaces.
2022-09-07 17:01:23.793  INFO 9484 --- [restartedMain] o.s.b.w.embedded.tomcat.TomcatWebServer  : Tomcat initialized with port(s): 8080 (http)
2022-09-07 17:01:23.800  INFO 9484 --- [restartedMain] o.apache.catalina.core.StandardService   : Starting service [Tomcat]
2022-09-07 17:01:23.801  INFO 9484 --- [restartedMain] org.apache.catalina.core.StandardEngine  : Starting Servlet engine: [Apache Tomcat/9.0.65]
2022-09-07 17:01:23.962  INFO 9484 --- [restartedMain] o.a.c.c.C.[Tomcat].[localhost].[/]       : Initializing Spring embedded WebApplicationContext
2022-09-07 17:01:23.963  INFO 9484 --- [restartedMain] w.s.c.ServletWebServerApplicationContext : Root WebApplicationContext: initialization completed in 1970 ms
2022-09-07 17:01:24.131  INFO 9484 --- [restartedMain] com.zaxxer.hikari.HikariDataSource       : HikariPool-1 - Starting...
2022-09-07 17:01:24.246  INFO 9484 --- [restartedMain] com.zaxxer.hikari.HikariDataSource       : HikariPool-1 - Start completed.
2022-09-07 17:01:24.261  INFO 9484 --- [restartedMain] o.s.b.a.h2.H2ConsoleAutoConfiguration    : H2 console available at '/h2-console'. Database available at 'jdbc:h2:mem:a84faa1f-5722-46a9-b4e2-d03fba88e143'
2022-09-07 17:01:24.426  INFO 9484 --- [restartedMain] o.hibernate.jpa.internal.util.LogHelper  : HHH000204: Processing PersistenceUnitInfo [name: default]
2022-09-07 17:01:24.482  INFO 9484 --- [restartedMain] org.hibernate.Version                    : HHH000412: Hibernate ORM core version 5.6.10.Final
2022-09-07 17:01:24.614  INFO 9484 --- [restartedMain] o.hibernate.annotations.common.Version   : HCANN000001: Hibernate Commons Annotations {5.1.2.Final}
2022-09-07 17:01:24.722  INFO 9484 --- [restartedMain] org.hibernate.dialect.Dialect            : HHH000400: Using dialect: org.hibernate.dialect.H2Dialect
2022-09-07 17:01:25.290  INFO 9484 --- [restartedMain] o.h.e.t.j.p.i.JtaPlatformInitiator       : HHH000490: Using JtaPlatform implementation: [org.hibernate.engine.transaction.jta.platform.internal.NoJtaPlatform]
2022-09-07 17:01:25.299  INFO 9484 --- [restartedMain] j.LocalContainerEntityManagerFactoryBean : Initialized JPA EntityManagerFactory for persistence unit 'default'
2022-09-07 17:01:25.671  WARN 9484 --- [restartedMain] JpaBaseConfiguration$JpaWebConfiguration : spring.jpa.open-in-view is enabled by default. Therefore, database queries may be performed during view rendering. Explicitly configure spring.jpa.open-in-view to disable this warning
2022-09-07 17:01:26.134  INFO 9484 --- [restartedMain] o.s.b.d.a.OptionalLiveReloadServer       : LiveReload server is running on port 35729
2022-09-07 17:01:26.138  INFO 9484 --- [restartedMain] o.s.b.a.e.web.EndpointLinksResolver      : Exposing 1 endpoint(s) beneath base path '/actuator'
2022-09-07 17:01:26.176  INFO 9484 --- [restartedMain] o.s.b.w.embedded.tomcat.TomcatWebServer  : Tomcat started on port(s): 8080 (http) with context path ''
2022-09-07 17:01:26.189  INFO 9484 --- [restartedMain] c.e.e.EmployeeMgmtSbootRestApplication   : Started EmployeeMgmtSbootRestApplication in 4.774 seconds (JVM running for 6.508)
2022-09-07 17:01:30.746  INFO 9484 --- [http-nio-8080-exec-2] o.a.c.c.C.[Tomcat].[localhost].[/]       : Initializing Spring DispatcherServlet 'dispatcherServlet'
2022-09-07 17:01:30.746  INFO 9484 --- [http-nio-8080-exec-2] o.s.web.servlet.DispatcherServlet        : Initializing Servlet 'dispatcherServlet'
2022-09-07 17:01:30.747  INFO 9484 --- [http-nio-8080-exec-2] o.s.web.servlet.DispatcherServlet        : Completed initialization in 1 ms
2022-09-07 17:01:36.282  WARN 9484 --- [http-nio-8080-exec-3] .m.m.a.ExceptionHandlerExceptionResolver : Resolved [java.util.NoSuchElementException: No value present]
